11:40:26| Starting to retrieve data from swapi.dev
11:40:28| ----------------------------------------
11:40:28| Title   : Revenge of the Sith
11:40:28| Director: George Lucas
11:40:28| Producer: Rick McCallum
11:40:28| Released: 2005-05-19
11:40:28| 
11:40:28| Characters: 34
11:40:31| Adi Gallia, Anakin Skywalker, Ayla Secura, Bail Prestor Organa, Beru Whitesun lars, C-3PO, Chewbacca, Darth Vader, Dooku, Eeth Koth, Grievous, Ki-Adi-Mundi, Kit Fisto, Leia Organa, Luke Skywalker, Luminara Unduli, Mace Windu, Nute Gunray, Obi-Wan Kenobi, Owen Lars, Padmé Amidala, Palpatine, Plo Koon, Poggle the Lesser, R2-D2, R4-P17, Raymus Antilles, Saesee Tiin, Shaak Ti, Sly Moore, Tarfful, Tion Medon, Wilhuff Tarkin, Yoda
11:40:31| 
11:40:31| Planets: 13
11:40:31| Alderaan, Cato Neimoidia, Coruscant, Dagobah, Felucia, Kashyyyk, Mustafar, Mygeeto, Naboo, Polis Massa, Saleucami, Tatooine, Utapau
11:40:31| 
11:40:31| Starships: 12
11:40:31| Banking clan frigte, Belbullab-22 starfighter, CR90 corvette, Droid control ship, Jedi Interceptor, Jedi starfighter, Naboo star skiff, Republic attack cruiser, Theta-class T-2c shuttle, Trade Federation cruiser, V-wing, arc-170
11:40:31| 
11:40:31| Vehicles: 13
11:40:31| AT-RT, AT-TE, Clone turbo tank, Corporate Alliance tank droid, Droid gunship, Droid tri-fighter, Emergency Firespeeder, LAAT/i, Neimoidian shuttle, Oevvaor jet catamaran, Raddaugh Gnasp fluttercraft, Tsmeu-6 personal wheel bike, Vulture Droid
11:40:31| 
11:40:31| Species: 20
11:40:31| Cerean, Chagrian, Clawdite, Droid, Geonosian, Human, Iktotchi, Kaleesh, Kel Dor, Mirialan, Muun, Pau'an, Quermian, Skakoan, Tholothian, Togruta, Toong, Twi'lek, Wookie, Yoda's species
11:40:31| 
11:40:31| Total Time To complete = 5.15303860
11:40:31| There were 94 calls to swapi server
