11:15:34| 212 cars have been created = 4.41727260
11:15:34| Factories      : 1
11:15:34| Dealerships    : 1
11:15:34| Run Time       : 4.4173
11:15:34| Max queue size : 2
11:15:34| Factor Stats   : [212]
11:15:34| Dealer Stats   : [212]
11:15:34| 
11:15:39| 263 cars have been created = 5.10697800
11:15:39| Factories      : 1
11:15:39| Dealerships    : 2
11:15:39| Run Time       : 5.1070
11:15:39| Max queue size : 2
11:15:39| Factor Stats   : [263]
11:15:39| Dealer Stats   : [131, 132]
11:15:39| 
11:15:47| 462 cars have been created = 8.20462800
11:15:47| Factories      : 2
11:15:47| Dealerships    : 1
11:15:47| Run Time       : 8.2046
11:15:47| Max queue size : 10
11:15:47| Factor Stats   : [216, 246]
11:15:47| Dealer Stats   : [462]
11:15:47| 
11:15:53| 536 cars have been created = 5.46954340
11:15:53| Factories      : 2
11:15:53| Dealerships    : 2
11:15:53| Run Time       : 5.4695
11:15:53| Max queue size : 1
11:15:53| Factor Stats   : [250, 286]
11:15:53| Dealer Stats   : [268, 268]
11:15:53| 
11:15:58| 544 cars have been created = 5.33388430
11:15:58| Factories      : 2
11:15:58| Dealerships    : 5
11:15:58| Run Time       : 5.3339
11:15:58| Max queue size : 2
11:15:58| Factor Stats   : [277, 267]
11:15:58| Dealer Stats   : [111, 106, 106, 109, 112]
11:15:58| 
11:16:09| 1337 cars have been created = 11.41455940
11:16:09| Factories      : 5
11:16:09| Dealerships    : 2
11:16:09| Run Time       : 11.4146
11:16:09| Max queue size : 8
11:16:09| Factor Stats   : [277, 284, 201, 288, 287]
11:16:09| Dealer Stats   : [668, 669]
11:16:09| 
11:16:15| 2210 cars have been created = 5.03089810
11:16:15| Factories      : 10
11:16:15| Dealerships    : 10
11:16:15| Run Time       : 5.0309
11:16:15| Max queue size : 2
11:16:15| Factor Stats   : [215, 235, 241, 200, 207, 206, 258, 236, 206, 206]
11:16:15| Dealer Stats   : [220, 222, 222, 221, 219, 221, 221, 222, 220, 222]
11:16:15| 
